TN:
SF:src/api.ts
FN:75,(anonymous_10)
FN:77,(anonymous_11)
FN:79,(anonymous_12)
FN:100,(anonymous_13)
FN:101,(anonymous_14)
FN:104,(anonymous_15)
FN:108,(anonymous_16)
FN:114,getResolutionType
FN:171,generateCookie
FN:192,(anonymous_19)
FN:204,(anonymous_20)
FN:219,(anonymous_21)
FN:280,(anonymous_22)
FN:305,(anonymous_23)
FN:321,(anonymous_24)
FN:342,(anonymous_25)
FN:452,(anonymous_26)
FN:498,(anonymous_27)
FN:517,(anonymous_28)
FN:563,(anonymous_29)
FN:611,(anonymous_30)
FN:815,(anonymous_31)
FN:971,(anonymous_32)
FN:993,(anonymous_33)
FN:997,(anonymous_34)
FN:1032,(anonymous_35)
FN:1070,(anonymous_36)
FN:1182,(anonymous_37)
FN:1189,(anonymous_38)
FN:1190,(anonymous_39)
FN:1214,(anonymous_40)
FN:1232,(anonymous_41)
FN:1245,(anonymous_42)
FN:1267,(anonymous_43)
FN:1277,(anonymous_44)
FN:1327,(anonymous_45)
FN:1344,(anonymous_46)
FN:1354,(anonymous_47)
FN:1356,(anonymous_48)
FN:1367,(anonymous_49)
FN:1398,(anonymous_50)
FN:1456,(anonymous_51)
FN:1462,(anonymous_52)
FN:1477,(anonymous_53)
FN:1511,(anonymous_54)
FN:1541,(anonymous_55)
FN:1558,(anonymous_56)
FN:1588,(anonymous_57)
FN:1614,(anonymous_58)
FN:1617,(anonymous_59)
FN:1748,(anonymous_60)
FN:1783,(anonymous_61)
FN:1828,(anonymous_62)
FN:2017,(anonymous_63)
FN:2194,(anonymous_64)
FN:2358,(anonymous_65)
FN:2366,(anonymous_66)
FN:2383,(anonymous_67)
FN:2413,(anonymous_68)
FN:2448,(anonymous_69)
FN:2464,(anonymous_70)
FNF:61
FNH:0
FNDA:0,(anonymous_10)
FNDA:0,(anonymous_11)
FNDA:0,(anonymous_12)
FNDA:0,(anonymous_13)
FNDA:0,(anonymous_14)
FNDA:0,(anonymous_15)
FNDA:0,(anonymous_16)
FNDA:0,getResolutionType
FNDA:0,generateCookie
FNDA:0,(anonymous_19)
FNDA:0,(anonymous_20)
FNDA:0,(anonymous_21)
FNDA:0,(anonymous_22)
FNDA:0,(anonymous_23)
FNDA:0,(anonymous_24)
FNDA:0,(anonymous_25)
FNDA:0,(anonymous_26)
FNDA:0,(anonymous_27)
FNDA:0,(anonymous_28)
FNDA:0,(anonymous_29)
FNDA:0,(anonymous_30)
FNDA:0,(anonymous_31)
FNDA:0,(anonymous_32)
FNDA:0,(anonymous_33)
FNDA:0,(anonymous_34)
FNDA:0,(anonymous_35)
FNDA:0,(anonymous_36)
FNDA:0,(anonymous_37)
FNDA:0,(anonymous_38)
FNDA:0,(anonymous_39)
FNDA:0,(anonymous_40)
FNDA:0,(anonymous_41)
FNDA:0,(anonymous_42)
FNDA:0,(anonymous_43)
FNDA:0,(anonymous_44)
FNDA:0,(anonymous_45)
FNDA:0,(anonymous_46)
FNDA:0,(anonymous_47)
FNDA:0,(anonymous_48)
FNDA:0,(anonymous_49)
FNDA:0,(anonymous_50)
FNDA:0,(anonymous_51)
FNDA:0,(anonymous_52)
FNDA:0,(anonymous_53)
FNDA:0,(anonymous_54)
FNDA:0,(anonymous_55)
FNDA:0,(anonymous_56)
FNDA:0,(anonymous_57)
FNDA:0,(anonymous_58)
FNDA:0,(anonymous_59)
FNDA:0,(anonymous_60)
FNDA:0,(anonymous_61)
FNDA:0,(anonymous_62)
FNDA:0,(anonymous_63)
FNDA:0,(anonymous_64)
FNDA:0,(anonymous_65)
FNDA:0,(anonymous_66)
FNDA:0,(anonymous_67)
FNDA:0,(anonymous_68)
FNDA:0,(anonymous_69)
FNDA:0,(anonymous_70)
DA:1,15
DA:2,15
DA:3,15
DA:4,15
DA:6,15
DA:7,15
DA:8,0
DA:13,0
DA:33,0
DA:34,0
DA:35,0
DA:36,0
DA:37,0
DA:38,0
DA:39,0
DA:40,0
DA:50,0
DA:62,0
DA:64,0
DA:77,0
DA:78,0
DA:79,0
DA:83,0
DA:84,0
DA:88,0
DA:89,0
DA:90,0
DA:93,0
DA:101,0
DA:105,0
DA:109,0
DA:115,0
DA:116,0
DA:117,0
DA:118,0
DA:119,0
DA:120,0
DA:121,0
DA:122,0
DA:123,0
DA:125,0
DA:171,15
DA:172,0
DA:190,0
DA:193,0
DA:194,0
DA:195,0
DA:205,0
DA:206,0
DA:207,0
DA:226,0
DA:227,0
DA:228,0
DA:250,0
DA:255,0
DA:256,0
DA:266,0
DA:268,0
DA:269,0
DA:271,0
DA:281,0
DA:289,0
DA:290,0
DA:291,0
DA:292,0
DA:294,0
DA:306,0
DA:313,0
DA:323,0
DA:324,0
DA:325,0
DA:334,0
DA:344,0
DA:345,0
DA:348,0
DA:349,0
DA:350,0
DA:351,0
DA:352,0
DA:353,0
DA:355,0
DA:357,0
DA:358,0
DA:359,0
DA:360,0
DA:364,0
DA:365,0
DA:368,0
DA:369,0
DA:370,0
DA:374,0
DA:375,0
DA:376,0
DA:377,0
DA:378,0
DA:380,0
DA:381,0
DA:384,0
DA:387,0
DA:388,0
DA:389,0
DA:390,0
DA:400,0
DA:401,0
DA:403,0
DA:405,0
DA:410,0
DA:411,0
DA:413,0
DA:414,0
DA:415,0
DA:417,0
DA:418,0
DA:428,0
DA:429,0
DA:431,0
DA:433,0
DA:434,0
DA:438,0
DA:441,0
DA:442,0
DA:443,0
DA:446,0
DA:460,0
DA:465,0
DA:475,0
DA:483,0
DA:484,0
DA:485,0
DA:486,0
DA:489,0
DA:498,0
DA:499,0
DA:500,0
DA:501,0
DA:504,0
DA:506,0
DA:527,0
DA:531,0
DA:539,0
DA:547,0
DA:548,0
DA:549,0
DA:552,0
DA:554,0
DA:564,0
DA:565,0
DA:566,0
DA:570,0
DA:571,0
DA:572,0
DA:573,0
DA:575,0
DA:578,0
DA:579,0
DA:580,0
DA:585,0
DA:586,0
DA:587,0
DA:591,0
DA:592,0
DA:593,0
DA:596,0
DA:597,0
DA:621,0
DA:624,0
DA:626,0
DA:627,0
DA:628,0
DA:630,0
DA:631,0
DA:632,0
DA:633,0
DA:634,0
DA:636,0
DA:637,0
DA:638,0
DA:639,0
DA:642,0
DA:643,0
DA:645,0
DA:647,0
DA:648,0
DA:649,0
DA:712,0
DA:742,0
DA:787,0
DA:788,0
DA:789,0
DA:792,0
DA:806,0
DA:816,0
DA:817,0
DA:821,0
DA:822,0
DA:826,0
DA:827,0
DA:828,0
DA:833,0
DA:834,0
DA:835,0
DA:836,0
DA:862,0
DA:863,0
DA:873,0
DA:885,0
DA:887,0
DA:962,0
DA:972,0
DA:973,0
DA:975,0
DA:977,0
DA:978,0
DA:980,0
DA:981,0
DA:982,0
DA:986,0
DA:987,0
DA:994,0
DA:997,0
DA:998,0
DA:1001,0
DA:1009,0
DA:1010,0
DA:1011,0
DA:1012,0
DA:1013,0
DA:1018,0
DA:1019,0
DA:1022,0
DA:1023,0
DA:1034,0
DA:1035,0
DA:1036,0
DA:1037,0
DA:1039,0
DA:1044,0
DA:1045,0
DA:1046,0
DA:1047,0
DA:1048,0
DA:1049,0
DA:1050,0
DA:1052,0
DA:1054,0
DA:1055,0
DA:1058,0
DA:1060,0
DA:1061,0
DA:1063,0
DA:1066,0
DA:1069,0
DA:1070,0
DA:1072,0
DA:1102,0
DA:1103,0
DA:1104,0
DA:1106,0
DA:1107,0
DA:1108,0
DA:1110,0
DA:1111,0
DA:1114,0
DA:1115,0
DA:1116,0
DA:1117,0
DA:1120,0
DA:1121,0
DA:1122,0
DA:1124,0
DA:1128,0
DA:1129,0
DA:1130,0
DA:1131,0
DA:1133,0
DA:1136,0
DA:1138,0
DA:1139,0
DA:1145,0
DA:1155,0
DA:1157,0
DA:1159,0
DA:1160,0
DA:1161,0
DA:1163,0
DA:1165,0
DA:1166,0
DA:1171,0
DA:1172,0
DA:1176,0
DA:1177,0
DA:1179,0
DA:1183,0
DA:1184,0
DA:1190,0
DA:1191,0
DA:1192,0
DA:1200,0
DA:1203,0
DA:1204,0
DA:1206,0
DA:1208,0
DA:1209,0
DA:1215,0
DA:1216,0
DA:1218,0
DA:1219,0
DA:1222,0
DA:1224,0
DA:1227,0
DA:1228,0
DA:1233,0
DA:1234,0
DA:1235,0
DA:1236,0
DA:1237,0
DA:1239,0
DA:1250,0
DA:1254,0
DA:1256,0
DA:1261,0
DA:1277,0
DA:1279,0
DA:1280,0
DA:1283,0
DA:1289,0
DA:1291,0
DA:1297,0
DA:1312,0
DA:1315,0
DA:1316,0
DA:1317,0
DA:1319,0
DA:1320,0
DA:1332,0
DA:1338,0
DA:1345,0
DA:1346,0
DA:1347,0
DA:1348,0
DA:1351,0
DA:1355,0
DA:1356,0
DA:1357,0
DA:1358,0
DA:1360,0
DA:1373,0
DA:1374,0
DA:1375,0
DA:1376,0
DA:1381,0
DA:1382,0
DA:1383,0
DA:1384,0
DA:1387,0
DA:1395,0
DA:1409,0
DA:1410,0
DA:1414,0
DA:1415,0
DA:1419,0
DA:1425,0
DA:1441,0
DA:1442,0
DA:1462,0
DA:1463,0
DA:1470,0
DA:1478,0
DA:1480,0
DA:1483,0
DA:1484,0
DA:1486,0
DA:1487,0
DA:1488,0
DA:1489,0
DA:1490,0
DA:1491,0
DA:1492,0
DA:1493,0
DA:1494,0
DA:1495,0
DA:1496,0
DA:1497,0
DA:1500,0
DA:1502,0
DA:1504,0
DA:1513,0
DA:1514,0
DA:1515,0
DA:1516,0
DA:1519,0
DA:1521,0
DA:1522,0
DA:1525,0
DA:1526,0
DA:1529,0
DA:1531,0
DA:1535,0
DA:1542,0
DA:1544,0
DA:1545,0
DA:1546,0
DA:1547,0
DA:1550,0
DA:1552,0
DA:1559,0
DA:1560,0
DA:1561,0
DA:1563,0
DA:1564,0
DA:1566,0
DA:1568,0
DA:1569,0
DA:1570,0
DA:1573,0
DA:1574,0
DA:1576,0
DA:1580,0
DA:1582,0
DA:1589,0
DA:1590,0
DA:1592,0
DA:1593,0
DA:1594,0
DA:1595,0
DA:1598,0
DA:1599,0
DA:1600,0
DA:1601,0
DA:1602,0
DA:1606,0
DA:1608,0
DA:1617,0
DA:1618,0
DA:1619,0
DA:1621,0
DA:1624,0
DA:1626,0
DA:1628,0
DA:1630,0
DA:1639,0
DA:1651,0
DA:1660,0
DA:1661,0
DA:1662,0
DA:1665,0
DA:1667,0
DA:1670,0
DA:1683,0
DA:1684,0
DA:1685,0
DA:1688,0
DA:1696,0
DA:1700,0
DA:1712,0
DA:1725,0
DA:1726,0
DA:1727,0
DA:1731,0
DA:1738,0
DA:1739,0
DA:1740,0
DA:1749,0
DA:1752,0
DA:1754,0
DA:1762,0
DA:1770,0
DA:1771,0
DA:1774,0
DA:1783,0
DA:1784,0
DA:1785,0
DA:1786,0
DA:1790,0
DA:1791,0
DA:1792,0
DA:1795,0
DA:1803,0
DA:1814,0
DA:1815,0
DA:1816,0
DA:1817,0
DA:1821,0
DA:1824,0
DA:1825,0
DA:1829,0
DA:1830,0
DA:1834,0
DA:1835,0
DA:1836,0
DA:1838,0
DA:1839,0
DA:1842,0
DA:1843,0
DA:1844,0
DA:1848,0
DA:1849,0
DA:1853,0
DA:1854,0
DA:1855,0
DA:1856,0
DA:1857,0
DA:1858,0
DA:1859,0
DA:1861,0
DA:1862,0
DA:1875,0
DA:1876,0
DA:1889,0
DA:1890,0
DA:1893,0
DA:1894,0
DA:1903,0
DA:1914,0
DA:1915,0
DA:1987,0
DA:1994,0
DA:1995,0
DA:1996,0
DA:1998,0
DA:2018,0
DA:2019,0
DA:2022,0
DA:2023,0
DA:2024,0
DA:2028,0
DA:2029,0
DA:2030,0
DA:2039,0
DA:2114,0
DA:2137,0
DA:2150,0
DA:2153,0
DA:2160,0
DA:2161,0
DA:2162,0
DA:2166,0
DA:2167,0
DA:2168,0
DA:2173,0
DA:2174,0
DA:2195,0
DA:2196,0
DA:2199,0
DA:2200,0
DA:2201,0
DA:2205,0
DA:2206,0
DA:2207,0
DA:2216,0
DA:2292,0
DA:2315,0
DA:2328,0
DA:2331,0
DA:2338,0
DA:2339,0
DA:2340,0
DA:2344,0
DA:2345,0
DA:2346,0
DA:2351,0
DA:2352,0
DA:2358,0
DA:2359,0
DA:2360,0
DA:2361,0
DA:2363,0
DA:2364,0
DA:2365,0
DA:2366,0
DA:2369,0
DA:2373,0
DA:2383,0
DA:2385,0
DA:2396,0
DA:2397,0
DA:2398,0
DA:2402,0
DA:2404,0
DA:2413,0
DA:2415,0
DA:2416,0
DA:2417,0
DA:2420,0
DA:2448,0
DA:2450,0
DA:2451,0
DA:2452,0
DA:2455,0
DA:2464,0
DA:2466,0
DA:2467,0
DA:2468,0
DA:2471,0
LF:594
LH:7
BRDA:75,0,0,0
BRDA:78,1,0,0
BRDA:83,2,0,0
BRDA:89,3,0,0
BRDA:116,4,0,0
BRDA:116,4,1,0
BRDA:118,5,0,0
BRDA:118,5,1,0
BRDA:120,6,0,0
BRDA:120,6,1,0
BRDA:122,7,0,0
BRDA:122,7,1,0
BRDA:193,8,0,0
BRDA:193,8,1,0
BRDA:193,8,2,0
BRDA:194,9,0,0
BRDA:205,10,0,0
BRDA:205,10,1,0
BRDA:222,11,0,0
BRDA:223,12,0,0
BRDA:224,13,0,0
BRDA:227,14,0,0
BRDA:227,14,1,0
BRDA:259,15,0,0
BRDA:259,15,1,0
BRDA:260,16,0,0
BRDA:260,16,1,0
BRDA:268,17,0,0
BRDA:268,17,1,0
BRDA:268,18,0,0
BRDA:268,18,1,0
BRDA:289,19,0,0
BRDA:289,19,1,0
BRDA:290,20,0,0
BRDA:290,20,1,0
BRDA:291,21,0,0
BRDA:291,21,1,0
BRDA:292,22,0,0
BRDA:292,22,1,0
BRDA:324,23,0,0
BRDA:324,23,1,0
BRDA:327,24,0,0
BRDA:327,24,1,0
BRDA:349,25,0,0
BRDA:349,26,0,0
BRDA:349,26,1,0
BRDA:359,27,0,0
BRDA:364,28,0,0
BRDA:364,28,1,0
BRDA:369,29,0,0
BRDA:380,30,0,0
BRDA:387,31,0,0
BRDA:413,32,0,0
BRDA:413,32,1,0
BRDA:442,33,0,0
BRDA:508,34,0,0
BRDA:508,34,1,0
BRDA:524,35,0,0
BRDA:564,36,0,0
BRDA:570,37,0,0
BRDA:570,37,1,0
BRDA:571,38,0,0
BRDA:571,38,1,0
BRDA:578,39,0,0
BRDA:585,40,0,0
BRDA:585,41,0,0
BRDA:585,41,1,0
BRDA:591,42,0,0
BRDA:618,43,0,0
BRDA:624,44,0,0
BRDA:624,44,1,0
BRDA:627,45,0,0
BRDA:627,45,1,0
BRDA:631,46,0,0
BRDA:631,46,1,0
BRDA:642,47,0,0
BRDA:642,47,1,0
BRDA:645,48,0,0
BRDA:645,48,1,0
BRDA:648,49,0,0
BRDA:648,49,1,0
BRDA:659,50,0,0
BRDA:659,50,1,0
BRDA:675,51,0,0
BRDA:675,51,1,0
BRDA:683,52,0,0
BRDA:683,52,1,0
BRDA:684,53,0,0
BRDA:684,53,1,0
BRDA:685,54,0,0
BRDA:685,54,1,0
BRDA:686,55,0,0
BRDA:686,55,1,0
BRDA:687,56,0,0
BRDA:687,56,1,0
BRDA:721,57,0,0
BRDA:721,57,1,0
BRDA:723,58,0,0
BRDA:723,58,1,0
BRDA:748,59,0,0
BRDA:748,59,1,0
BRDA:776,60,0,0
BRDA:776,60,1,0
BRDA:787,61,0,0
BRDA:787,62,0,0
BRDA:787,62,1,0
BRDA:795,63,0,0
BRDA:795,63,1,0
BRDA:797,64,0,0
BRDA:797,64,1,0
BRDA:816,65,0,0
BRDA:816,66,0,0
BRDA:816,66,1,0
BRDA:821,67,0,0
BRDA:827,68,0,0
BRDA:827,69,0,0
BRDA:827,69,1,0
BRDA:940,70,0,0
BRDA:940,70,1,0
BRDA:942,71,0,0
BRDA:942,71,1,0
BRDA:943,72,0,0
BRDA:943,72,1,0
BRDA:944,73,0,0
BRDA:944,73,1,0
BRDA:947,74,0,0
BRDA:947,74,1,0
BRDA:978,75,0,0
BRDA:978,75,1,0
BRDA:980,76,0,0
BRDA:994,77,0,0
BRDA:994,77,1,0
BRDA:997,78,0,0
BRDA:997,78,1,0
BRDA:1001,79,0,0
BRDA:1001,79,1,0
BRDA:1001,79,2,0
BRDA:1001,79,3,0
BRDA:1001,79,4,0
BRDA:1001,79,5,0
BRDA:1009,80,0,0
BRDA:1009,81,0,0
BRDA:1009,81,1,0
BRDA:1011,82,0,0
BRDA:1011,83,0,0
BRDA:1011,83,1,0
BRDA:1012,84,0,0
BRDA:1012,84,1,0
BRDA:1032,85,0,0
BRDA:1035,86,0,0
BRDA:1036,87,0,0
BRDA:1036,87,1,0
BRDA:1054,88,0,0
BRDA:1054,88,1,0
BRDA:1054,88,2,0
BRDA:1054,88,3,0
BRDA:1058,89,0,0
BRDA:1058,89,1,0
BRDA:1060,90,0,0
BRDA:1060,90,1,0
BRDA:1061,91,0,0
BRDA:1061,91,1,0
BRDA:1063,92,0,0
BRDA:1063,92,1,0
BRDA:1066,93,0,0
BRDA:1066,93,1,0
BRDA:1103,94,0,0
BRDA:1110,95,0,0
BRDA:1110,95,1,0
BRDA:1114,96,0,0
BRDA:1114,96,1,0
BRDA:1115,97,0,0
BRDA:1115,98,0,0
BRDA:1115,98,1,0
BRDA:1120,99,0,0
BRDA:1121,100,0,0
BRDA:1128,101,0,0
BRDA:1128,102,0,0
BRDA:1128,102,1,0
BRDA:1130,103,0,0
BRDA:1130,103,1,0
BRDA:1131,104,0,0
BRDA:1131,104,1,0
BRDA:1136,105,0,0
BRDA:1136,105,1,0
BRDA:1136,105,2,0
BRDA:1138,106,0,0
BRDA:1145,107,0,0
BRDA:1145,107,1,0
BRDA:1145,107,2,0
BRDA:1145,107,3,0
BRDA:1145,107,4,0
BRDA:1145,107,5,0
BRDA:1145,107,6,0
BRDA:1145,107,7,0
BRDA:1145,107,8,0
BRDA:1145,107,9,0
BRDA:1145,107,10,0
BRDA:1145,107,11,0
BRDA:1145,107,12,0
BRDA:1145,107,13,0
BRDA:1145,107,14,0
BRDA:1145,107,15,0
BRDA:1155,108,0,0
BRDA:1155,108,1,0
BRDA:1171,109,0,0
BRDA:1171,110,0,0
BRDA:1171,110,1,0
BRDA:1176,111,0,0
BRDA:1200,112,0,0
BRDA:1203,113,0,0
BRDA:1203,113,1,0
BRDA:1216,114,0,0
BRDA:1216,114,1,0
BRDA:1216,115,0,0
BRDA:1216,115,1,0
BRDA:1254,116,0,0
BRDA:1275,117,0,0
BRDA:1289,118,0,0
BRDA:1347,119,0,0
BRDA:1383,120,0,0
BRDA:1460,121,0,0
BRDA:1486,122,0,0
BRDA:1486,122,1,0
BRDA:1490,123,0,0
BRDA:1490,123,1,0
BRDA:1490,124,0,0
BRDA:1490,124,1,0
BRDA:1494,125,0,0
BRDA:1514,126,0,0
BRDA:1515,127,0,0
BRDA:1515,128,0,0
BRDA:1515,128,1,0
BRDA:1516,129,0,0
BRDA:1519,130,0,0
BRDA:1521,131,0,0
BRDA:1521,132,0,0
BRDA:1521,132,1,0
BRDA:1521,132,2,0
BRDA:1521,132,3,0
BRDA:1525,133,0,0
BRDA:1525,134,0,0
BRDA:1525,134,1,0
BRDA:1525,134,2,0
BRDA:1529,135,0,0
BRDA:1529,136,0,0
BRDA:1529,136,1,0
BRDA:1529,136,2,0
BRDA:1529,136,3,0
BRDA:1529,136,4,0
BRDA:1529,136,5,0
BRDA:1529,136,6,0
BRDA:1529,136,7,0
BRDA:1544,137,0,0
BRDA:1563,138,0,0
BRDA:1563,138,1,0
BRDA:1566,139,0,0
BRDA:1566,140,0,0
BRDA:1566,140,1,0
BRDA:1566,140,2,0
BRDA:1566,140,3,0
BRDA:1566,140,4,0
BRDA:1566,140,5,0
BRDA:1566,140,6,0
BRDA:1566,140,7,0
BRDA:1590,141,0,0
BRDA:1592,142,0,0
BRDA:1598,143,0,0
BRDA:1660,144,0,0
BRDA:1683,145,0,0
BRDA:1725,146,0,0
BRDA:1739,147,0,0
BRDA:1739,147,1,0
BRDA:1739,147,2,0
BRDA:1790,148,0,0
BRDA:1790,148,1,0
BRDA:1790,149,0,0
BRDA:1790,149,1,0
BRDA:1792,150,0,0
BRDA:1792,150,1,0
BRDA:1795,151,0,0
BRDA:1795,151,1,0
BRDA:1795,151,2,0
BRDA:1795,151,3,0
BRDA:1795,151,4,0
BRDA:1795,151,5,0
BRDA:1795,151,6,0
BRDA:1814,152,0,0
BRDA:1814,153,0,0
BRDA:1814,153,1,0
BRDA:1815,154,0,0
BRDA:1815,154,1,0
BRDA:1816,155,0,0
BRDA:1817,156,0,0
BRDA:1817,156,1,0
BRDA:1829,157,0,0
BRDA:1829,158,0,0
BRDA:1829,158,1,0
BRDA:1834,159,0,0
BRDA:1834,159,1,0
BRDA:1835,160,0,0
BRDA:1835,160,1,0
BRDA:1835,161,0,0
BRDA:1835,161,1,0
BRDA:1838,162,0,0
BRDA:1838,162,1,0
BRDA:1843,163,0,0
BRDA:1848,164,0,0
BRDA:1855,165,0,0
BRDA:1861,166,0,0
BRDA:1875,167,0,0
BRDA:1889,168,0,0
BRDA:1889,169,0,0
BRDA:1889,169,1,0
BRDA:1917,170,0,0
BRDA:1917,170,1,0
BRDA:1975,171,0,0
BRDA:1975,171,1,0
BRDA:2023,172,0,0
BRDA:2080,173,0,0
BRDA:2080,173,1,0
BRDA:2092,174,0,0
BRDA:2092,174,1,0
BRDA:2166,175,0,0
BRDA:2166,176,0,0
BRDA:2166,176,1,0
BRDA:2168,177,0,0
BRDA:2168,177,1,0
BRDA:2168,177,2,0
BRDA:2200,178,0,0
BRDA:2344,179,0,0
BRDA:2344,180,0,0
BRDA:2344,180,1,0
BRDA:2346,181,0,0
BRDA:2346,181,1,0
BRDA:2346,181,2,0
BRDA:2363,182,0,0
BRDA:2387,183,0,0
BRDA:2387,183,1,0
BRDA:2392,184,0,0
BRDA:2392,184,1,0
BRDA:2396,185,0,0
BRDA:2415,186,0,0
BRDA:2450,187,0,0
BRDA:2466,188,0,0
BRF:345
BRH:0
end_of_record
TN:
SF:src/server.ts
FN:20,(anonymous_0)
FN:35,(anonymous_1)
FN:73,(anonymous_2)
FN:200,(anonymous_3)
FN:254,(anonymous_4)
FN:305,(anonymous_5)
FN:340,(anonymous_6)
FN:352,(anonymous_7)
FN:369,(anonymous_8)
FN:408,(anonymous_9)
FN:481,(anonymous_10)
FNF:11
FNH:0
FNDA:0,(anonymous_0)
FNDA:0,(anonymous_1)
FNDA:0,(anonymous_2)
FNDA:0,(anonymous_3)
FNDA:0,(anonymous_4)
FNDA:0,(anonymous_5)
FNDA:0,(anonymous_6)
FNDA:0,(anonymous_7)
FNDA:0,(anonymous_8)
FNDA:0,(anonymous_9)
FNDA:0,(anonymous_10)
DA:7,0
DA:8,0
DA:9,0
DA:10,0
DA:11,0
DA:20,0
DA:21,0
DA:23,0
DA:28,0
DA:32,0
DA:35,0
DA:61,0
DA:63,0
DA:75,0
DA:76,0
DA:77,0
DA:78,0
DA:79,0
DA:80,0
DA:82,0
DA:85,0
DA:86,0
DA:87,0
DA:88,0
DA:92,0
DA:93,0
DA:94,0
DA:95,0
DA:96,0
DA:97,0
DA:98,0
DA:100,0
DA:110,0
DA:111,0
DA:120,0
DA:122,0
DA:124,0
DA:125,0
DA:127,0
DA:130,0
DA:138,0
DA:139,0
DA:140,0
DA:141,0
DA:142,0
DA:146,0
DA:155,0
DA:156,0
DA:164,0
DA:179,0
DA:201,0
DA:202,0
DA:216,0
DA:217,0
DA:222,0
DA:226,0
DA:227,0
DA:245,0
DA:255,0
DA:256,0
DA:264,0
DA:265,0
DA:271,0
DA:275,0
DA:276,0
DA:295,0
DA:306,0
DA:307,0
DA:316,0
DA:317,0
DA:323,0
DA:327,0
DA:328,0
DA:337,0
DA:340,0
DA:349,0
DA:352,0
DA:366,0
DA:369,0
DA:405,0
DA:408,0
DA:477,0
DA:481,0
DA:482,0
DA:483,0
DA:485,0
DA:487,0
DA:489,0
DA:491,0
LF:89
LH:0
BRDA:11,0,0,0
BRDA:11,0,1,0
BRDA:87,1,0,0
BRDA:93,2,0,0
BRDA:93,2,1,0
BRDA:94,3,0,0
BRDA:94,3,1,0
BRDA:95,4,0,0
BRDA:95,4,1,0
BRDA:96,5,0,0
BRDA:96,5,1,0
BRDA:98,6,0,0
BRDA:98,6,1,0
BRDA:110,7,0,0
BRDA:110,8,0,0
BRDA:110,8,1,0
BRDA:110,8,2,0
BRDA:122,9,0,0
BRDA:122,9,1,0
BRDA:125,10,0,0
BRDA:140,11,0,0
BRDA:140,11,1,0
BRDA:141,12,0,0
BRDA:141,13,0,0
BRDA:141,13,1,0
BRDA:148,14,0,0
BRDA:148,14,1,0
BRDA:155,15,0,0
BRDA:155,15,1,0
BRDA:216,16,0,0
BRDA:226,17,0,0
BRDA:226,17,1,0
BRDA:264,18,0,0
BRDA:275,19,0,0
BRDA:275,19,1,0
BRDA:316,20,0,0
BRDA:327,21,0,0
BRDA:327,21,1,0
BRF:38
BRH:0
end_of_record
TN:
SF:src/types/constants.ts
FNF:0
FNH:0
DA:2,1
DA:19,1
DA:31,1
LF:3
LH:3
BRF:0
BRH:0
end_of_record
TN:
SF:src/utils/a_bogus.ts
FN:4,rc4_encrypt
FN:28,le
FN:33,de
FN:40,pe
FN:47,he
FN:54,reset
FN:67,write
FN:69,(anonymous_7)
FN:70,(anonymous_8)
FN:72,(anonymous_9)
FN:96,se
FN:100,sum
FN:132,_compress
FN:136,(anonymous_13)
FN:178,_fill
FN:199,(anonymous_15)
FN:221,result_encrypt
FN:263,get_long_int
FN:268,gener_random
FN:277,generate_rc4_bb_str
FN:396,generate_random_str
FN:404,generate_a_bogus
FNF:22
FNH:0
FNDA:0,rc4_encrypt
FNDA:0,le
FNDA:0,de
FNDA:0,pe
FNDA:0,he
FNDA:0,reset
FNDA:0,write
FNDA:0,(anonymous_7)
FNDA:0,(anonymous_8)
FNDA:0,(anonymous_9)
FNDA:0,se
FNDA:0,sum
FNDA:0,_compress
FNDA:0,(anonymous_13)
FNDA:0,_fill
FNDA:0,(anonymous_15)
FNDA:0,result_encrypt
FNDA:0,get_long_int
FNDA:0,gener_random
FNDA:0,generate_rc4_bb_str
FNDA:0,generate_random_str
FNDA:0,generate_a_bogus
DA:5,0
DA:6,0
DA:7,0
DA:9,0
DA:10,0
DA:11,0
DA:12,0
DA:15,0
DA:16,0
DA:17,0
DA:18,0
DA:19,0
DA:20,0
DA:21,0
DA:22,0
DA:23,0
DA:25,0
DA:29,0
DA:30,0
DA:34,0
DA:35,0
DA:36,0
DA:37,0
DA:41,0
DA:42,0
DA:43,0
DA:44,0
DA:48,0
DA:49,0
DA:50,0
DA:51,0
DA:55,0
DA:56,0
DA:57,0
DA:58,0
DA:59,0
DA:60,0
DA:61,0
DA:62,0
DA:63,0
DA:64,0
DA:68,0
DA:70,0
DA:71,0
DA:72,0
DA:73,0
DA:75,0
DA:78,0
DA:79,0
DA:80,0
DA:81,0
DA:83,0
DA:84,0
DA:85,0
DA:86,0
DA:87,0
DA:89,0
DA:91,0
DA:97,0
DA:101,0
DA:102,0
DA:103,0
DA:105,0
DA:106,0
DA:107,0
DA:109,0
DA:110,0
DA:111,0
DA:112,0
DA:113,0
DA:116,0
DA:117,0
DA:118,0
DA:119,0
DA:120,0
DA:121,0
DA:122,0
DA:123,0
DA:124,0
DA:125,0
DA:128,0
DA:129,0
DA:133,0
DA:134,0
DA:136,0
DA:137,0
DA:138,0
DA:139,0
DA:140,0
DA:141,0
DA:142,0
DA:143,0
DA:145,0
DA:146,0
DA:147,0
DA:148,0
DA:150,0
DA:151,0
DA:153,0
DA:155,0
DA:156,0
DA:157,0
DA:158,0
DA:159,0
DA:160,0
DA:161,0
DA:162,0
DA:163,0
DA:164,0
DA:165,0
DA:166,0
DA:167,0
DA:168,0
DA:169,0
DA:170,0
DA:172,0
DA:173,0
DA:179,0
DA:180,0
DA:181,0
DA:182,0
DA:183,0
DA:184,0
DA:186,0
DA:187,0
DA:188,0
DA:190,0
DA:191,0
DA:200,0
DA:201,0
DA:202,0
DA:203,0
DA:205,0
DA:206,0
DA:207,0
DA:208,0
DA:209,0
DA:213,0
DA:222,0
DA:229,0
DA:230,0
DA:231,0
DA:232,0
DA:233,0
DA:234,0
DA:235,0
DA:237,0
DA:239,0
DA:241,0
DA:242,0
DA:243,0
DA:245,0
DA:246,0
DA:247,0
DA:249,0
DA:250,0
DA:251,0
DA:253,0
DA:254,0
DA:255,0
DA:257,0
DA:260,0
DA:264,0
DA:265,0
DA:269,0
DA:284,0
DA:285,0
DA:288,0
DA:290,0
DA:292,0
DA:294,0
DA:295,0
DA:320,0
DA:321,0
DA:322,0
DA:323,0
DA:324,0
DA:325,0
DA:327,0
DA:328,0
DA:329,0
DA:330,0
DA:332,0
DA:333,0
DA:334,0
DA:335,0
DA:337,0
DA:338,0
DA:339,0
DA:340,0
DA:342,0
DA:343,0
DA:345,0
DA:346,0
DA:348,0
DA:349,0
DA:351,0
DA:352,0
DA:353,0
DA:354,0
DA:355,0
DA:356,0
DA:357,0
DA:359,0
DA:360,0
DA:361,0
DA:362,0
DA:363,0
DA:365,0
DA:366,0
DA:367,0
DA:368,0
DA:369,0
DA:371,0
DA:372,0
DA:373,0
DA:375,0
DA:376,0
DA:377,0
DA:379,0
DA:380,0
DA:381,0
DA:383,0
DA:387,0
DA:392,0
DA:393,0
DA:397,0
DA:398,0
DA:399,0
DA:400,0
DA:401,0
DA:405,0
DA:410,0
LF:233
LH:0
BRDA:34,0,0,0
BRDA:34,1,0,0
BRDA:34,1,1,0
BRDA:35,2,0,0
BRDA:35,3,0,0
BRDA:35,3,1,0
BRDA:41,4,0,0
BRDA:41,5,0,0
BRDA:41,5,1,0
BRDA:42,6,0,0
BRDA:42,7,0,0
BRDA:42,7,1,0
BRDA:48,8,0,0
BRDA:48,9,0,0
BRDA:48,9,1,0
BRDA:49,10,0,0
BRDA:49,11,0,0
BRDA:49,11,1,0
BRDA:68,12,0,0
BRDA:68,12,1,0
BRDA:80,13,0,0
BRDA:80,13,1,0
BRDA:86,14,0,0
BRDA:86,14,1,0
BRDA:101,15,0,0
BRDA:110,16,0,0
BRDA:110,16,1,0
BRDA:133,17,0,0
BRDA:133,17,1,0
BRDA:139,18,0,0
BRDA:139,18,1,0
BRDA:140,19,0,0
BRDA:140,19,1,0
BRDA:141,20,0,0
BRDA:141,20,1,0
BRDA:142,21,0,0
BRDA:142,21,1,0
BRDA:181,22,0,0
BRDA:221,23,0,0
BRDA:226,24,0,0
BRDA:226,24,1,0
BRDA:233,25,0,0
BRDA:239,26,0,0
BRDA:239,26,1,0
BRDA:239,26,2,0
BRDA:239,26,3,0
BRDA:239,26,4,0
BRDA:281,27,0,0
BRDA:282,28,0,0
BRF:49
BRH:0
end_of_record
TN:
SF:src/utils/dimensions.ts
FN:18,(anonymous_0)
FN:33,(anonymous_1)
FN:64,(anonymous_2)
FN:73,(anonymous_3)
FN:74,(anonymous_4)
FN:77,(anonymous_5)
FNF:6
FNH:3
FNDA:3,(anonymous_0)
FNDA:7,(anonymous_1)
FNDA:2,(anonymous_2)
FNDA:0,(anonymous_3)
FNDA:0,(anonymous_4)
FNDA:0,(anonymous_5)
DA:3,2
DA:17,2
DA:24,3
DA:25,0
DA:33,7
DA:35,3
DA:37,1
DA:47,2
DA:49,2
DA:50,2
DA:53,0
DA:54,0
DA:57,2
DA:65,2
DA:67,2
DA:68,2
DA:69,2
DA:70,0
DA:74,0
DA:78,0
DA:79,0
LF:21
LH:14
BRDA:24,0,0,0
BRDA:24,1,0,3
BRDA:24,1,1,0
BRDA:35,2,0,1
BRDA:35,3,0,3
BRDA:35,3,1,3
BRDA:47,4,0,2
BRDA:47,4,1,0
BRDA:67,5,0,0
BRDA:68,6,0,0
BRDA:69,7,0,2
BRDA:79,8,0,0
BRDA:79,8,1,0
BRF:13
BRH:6
end_of_record
TN:
SF:src/utils/logging.ts
FN:2,(anonymous_0)
FN:9,(anonymous_1)
FN:13,(anonymous_2)
FN:20,(anonymous_3)
FN:24,(anonymous_4)
FN:29,(anonymous_5)
FN:35,(anonymous_6)
FN:41,(anonymous_7)
FN:47,(anonymous_8)
FN:54,(anonymous_9)
FN:58,(anonymous_10)
FN:62,(anonymous_11)
FN:66,(anonymous_12)
FNF:13
FNH:3
FNDA:1,(anonymous_0)
FNDA:1,(anonymous_1)
FNDA:1,(anonymous_2)
FNDA:0,(anonymous_3)
FNDA:0,(anonymous_4)
FNDA:0,(anonymous_5)
FNDA:0,(anonymous_6)
FNDA:0,(anonymous_7)
FNDA:0,(anonymous_8)
FNDA:0,(anonymous_9)
FNDA:0,(anonymous_10)
FNDA:0,(anonymous_11)
FNDA:0,(anonymous_12)
DA:2,1
DA:3,1
DA:4,1
DA:5,1
DA:6,1
DA:9,1
DA:11,1
DA:14,1
DA:15,1
DA:17,1
DA:21,0
DA:25,0
DA:26,0
DA:30,0
DA:31,0
DA:36,0
DA:37,0
DA:42,0
DA:43,0
DA:48,0
DA:49,0
DA:55,0
DA:59,0
DA:63,0
DA:67,0
DA:72,1
LF:26
LH:11
BRDA:2,0,0,1
BRDA:2,0,1,1
BRDA:14,1,0,1
BRDA:30,2,0,0
BRDA:36,3,0,0
BRDA:42,4,0,0
BRDA:48,5,0,0
BRF:7
BRH:3
end_of_record
TN:
SF:src/utils/validation.ts
FN:52,(anonymous_0)
FN:67,(anonymous_1)
FN:74,(anonymous_2)
FN:81,(anonymous_3)
FN:88,(anonymous_4)
FN:94,(anonymous_5)
FN:100,(anonymous_6)
FNF:7
FNH:0
FNDA:0,(anonymous_0)
FNDA:0,(anonymous_1)
FNDA:0,(anonymous_2)
FNDA:0,(anonymous_3)
FNDA:0,(anonymous_4)
FNDA:0,(anonymous_5)
FNDA:0,(anonymous_6)
DA:1,2
DA:4,2
DA:16,2
DA:34,2
DA:42,2
DA:51,2
DA:53,0
DA:54,0
DA:55,0
DA:59,0
DA:60,0
DA:61,0
DA:62,0
DA:68,0
DA:69,0
DA:70,0
DA:75,0
DA:76,0
DA:77,0
DA:82,0
DA:83,0
DA:84,0
DA:89,0
DA:90,0
DA:95,0
DA:96,0
DA:101,0
DA:102,0
LF:28
LH:6
BRDA:54,0,0,0
BRDA:59,1,0,0
BRDA:59,2,0,0
BRDA:59,2,1,0
BRDA:60,3,0,0
BRDA:60,3,1,0
BRDA:61,4,0,0
BRDA:69,5,0,0
BRDA:76,6,0,0
BRDA:83,7,0,0
BRDA:89,8,0,0
BRDA:89,9,0,0
BRDA:89,9,1,0
BRDA:89,9,2,0
BRDA:95,10,0,0
BRDA:95,11,0,0
BRDA:95,11,1,0
BRDA:101,12,0,0
BRF:18
BRH:0
end_of_record
